data/api/build/intermediates/manifest_merge_blame_file/debug/manifest-merger-blame-debug-report.txt
1<?xml version="1.0" encoding="utf-8"?>
2<manifest xmlns:android="http://schemas.android.com/apk/res/android"
3    package="app.regate.data.room" >
4
5    <uses-sdk android:minSdkVersion="23" />
5-->ProcessLibraryManifest\debug\tempAndroidManifest12635666134165475779.xml
6
7</manifest>